#
# There is insufficient memory for the Java Runtime Environment to continue.
# Native memory allocation (mmap) failed to map 100663296 bytes for G1 virtual space
# Possible reasons:
#   The system is out of physical RAM or swap space
#   The process is running with CompressedOops enabled, and the Java Heap may be blocking the growth of the native heap
# Possible solutions:
#   Reduce memory load on the system
#   Increase physical memory or swap space
#   Check if swap backing store is full
#   Decrease Java heap size (-Xmx/-Xms)
#   Decrease number of Java threads
#   Decrease Java thread stack sizes (-Xss)
#   Set larger code cache with -XX:ReservedCodeCacheSize=
#   JVM is running with Unscaled Compressed Oops mode in which the Java heap is
#     placed in the first 4GB address space. The Java Heap base address is the
#     maximum limit for the native heap growth. Please use -XX:HeapBaseMinAddress
#     to set the Java Heap base and to place the Java Heap above 4GB virtual address.
# This output file may be truncated or incomplete.
#
#  Out of Memory Error (os_windows.cpp:3528), pid=3252, tid=6764
#
# JRE version:  (20.0.1+9) (build )
# Java VM: OpenJDK 64-Bit Server VM (20.0.1+9-29, mixed mode, sharing, tiered, compressed oops, compressed class ptrs, g1 gc, windows-amd64)
# No core dump will be written. Minidumps are not enabled by default on client versions of Windows
#

---------------  S U M M A R Y ------------

Command Line: -javaagent:C:\Program Files\JetBrains\IntelliJ IDEA Community Edition 2023.1.2\lib\idea_rt.jar=13464:C:\Program Files\JetBrains\IntelliJ IDEA Community Edition 2023.1.2\bin -Dfile.encoding=UTF-8 -Dsun.stdout.encoding=UTF-8 -Dsun.stderr.encoding=UTF-8 ua.javarush.encoder.Main

Host: AMD Athlon(tm) II X4 640 Processor, 4 cores, 5G,  Windows 10 , 64 bit Build 19041 (10.0.19041.3155)
Time: Sat Aug 19 15:54:47 2023  Windows 10 , 64 bit Build 19041 (10.0.19041.3155) elapsed time: 0.034749 seconds (0d 0h 0m 0s)

---------------  T H R E A D  ---------------

Current thread (0x000002a0c2669790):  JavaThread "Unknown thread" [_thread_in_vm, id=6764, stack(0x000000f30f000000,0x000000f30f100000)]

Stack: [0x000000f30f000000,0x000000f30f100000]
Native frames: (J=compiled Java code, j=interpreted, Vv=VM code, C=native code)
V  [jvm.dll+0x6bb95a]
V  [jvm.dll+0x8485fa]
V  [jvm.dll+0x84a1f5]
V  [jvm.dll+0x84a8f3]
V  [jvm.dll+0x280b0f]
V  [jvm.dll+0x6b86e9]
V  [jvm.dll+0x6ad2da]
V  [jvm.dll+0x35adf5]
V  [jvm.dll+0x363016]
V  [jvm.dll+0x3b3b3e]
V  [jvm.dll+0x3b3dc5]
V  [jvm.dll+0x32b50a]
V  [jvm.dll+0x32c32b]
V  [jvm.dll+0x8112bf]
V  [jvm.dll+0x3c0d91]
V  [jvm.dll+0x7fcfe3]
V  [jvm.dll+0x44c76f]
V  [jvm.dll+0x44e0e1]
C  [jli.dll+0x5287]
C  [ucrtbase.dll+0x21bb2]
C  [KERNEL32.DLL+0x17614]
C  [ntdll.dll+0x526b1]


---------------  P R O C E S S  ---------------

Threads class SMR info:
_java_thread_list=0x00007ffcb840a098, length=0, elements={
}

Java Threads: ( => current thread )

Other Threads:
  0x000002a0c26b8cd0 WorkerThread "GC Thread#0" [stack: 0x000000f30f100000,0x000000f30f200000] [id=13512]
  0x000002a0c26c5be0 ConcurrentGCThread "G1 Main Marker" [stack: 0x000000f30f200000,0x000000f30f300000] [id=8892]
  0x000002a0c26c67b0 WorkerThread "G1 Conc#0" [stack: 0x000000f30f300000,0x000000f30f400000] [id=2704]

[error occurred during error reporting (printing all threads), id 0xc0000005, EXCEPTION_ACCESS_VIOLATION (0xc0000005) at pc=0x00007ffcb7beeb47]
VM state: not at safepoint (not fully initialized)

VM Mutex/Monitor currently owned by a thread:  ([mutex/lock_event])
[0x000002a0c2666430] Heap_lock - owner thread: 0x000002a0c2669790

Heap address: 0x00000000a0000000, size: 1536 MB, Compressed Oops mode: 32-bit

CDS archive(s) mapped at: [0x0000000000000000-0x0000000000000000-0x0000000000000000), size 0, SharedBaseAddress: 0x0000000800000000, ArchiveRelocationMode: 0.
Narrow klass base: 0x0000000000000000, Narrow klass shift: 0, Narrow klass range: 0x0

GC Precious Log:
 CardTable entry size: 512
 Card Set container configuration: InlinePtr #cards 5 size 8 Array Of Cards #cards 12 size 40 Howl #buckets 4 coarsen threshold 1843 Howl Bitmap #cards 512 size 80 coarsen threshold 460 Card regions per heap region 1 cards per card region 2048

Heap:
 garbage-first heap   total 0K, used 0K [0x00000000a0000000, 0x0000000100000000)
  region size 1024K, 0 young (0K), 0 survivors (0K)

[error occurred during error reporting (printing heap information), id 0xc0000005, EXCEPTION_ACCESS_VIOLATION (0xc0000005) at pc=0x00007ffcb7fc3c59]
GC Heap History (0 events):
No events

Dll operation events (1 events):
Event: 0.027 Loaded shared library C:\openjdk-20.0.1_windows-x64_bin\jdk-20.0.1\bin\java.dll

Deoptimization events (0 events):
No events

Classes loaded (0 events):
No events

Classes unloaded (0 events):
No events

Classes redefined (0 events):
No events

Internal exceptions (0 events):
No events

VM Operations (0 events):
No events

Events (0 events):
No events


Dynamic libraries:
0x00007ff66ce20000 - 0x00007ff66ce2e000 	C:\openjdk-20.0.1_windows-x64_bin\jdk-20.0.1\bin\java.exe
0x00007ffcef4d0000 - 0x00007ffcef6c8000 	C:\Windows\SYSTEM32\ntdll.dll
0x00007ffcef3d0000 - 0x00007ffcef48f000 	C:\Windows\System32\KERNEL32.DLL
0x00007ffceceb0000 - 0x00007ffced1a6000 	C:\Windows\System32\KERNELBASE.dll
0x00007ffcecc40000 - 0x00007ffcecd40000 	C:\Windows\System32\ucrtbase.dll
0x00007ffce4710000 - 0x00007ffce4727000 	C:\openjdk-20.0.1_windows-x64_bin\jdk-20.0.1\bin\jli.dll
0x00007ffcee910000 - 0x00007ffceeaad000 	C:\Windows\System32\USER32.dll
0x00007ffced310000 - 0x00007ffced332000 	C:\Windows\System32\win32u.dll
0x00007ffceebd0000 - 0x00007ffceebfc000 	C:\Windows\System32\GDI32.dll
0x00007ffced3e0000 - 0x00007ffced4f5000 	C:\Windows\System32\gdi32full.dll
0x00007ffced340000 - 0x00007ffced3dd000 	C:\Windows\System32\msvcp_win.dll
0x00007ffce3c90000 - 0x00007ffce3cab000 	C:\openjdk-20.0.1_windows-x64_bin\jdk-20.0.1\bin\VCRUNTIME140.dll
0x00007ffcd40e0000 - 0x00007ffcd437a000 	C:\Windows\WinSxS\amd64_microsoft.windows.common-controls_6595b64144ccf1df_6.0.19041.1110_none_60b5254171f9507e\COMCTL32.dll
0x00007ffcef330000 - 0x00007ffcef3ce000 	C:\Windows\System32\msvcrt.dll
0x00007ffcee120000 - 0x00007ffcee150000 	C:\Windows\System32\IMM32.DLL
0x00007ffce7770000 - 0x00007ffce777c000 	C:\openjdk-20.0.1_windows-x64_bin\jdk-20.0.1\bin\vcruntime140_1.dll
0x00007ffcd4e40000 - 0x00007ffcd4ece000 	C:\openjdk-20.0.1_windows-x64_bin\jdk-20.0.1\bin\msvcp140.dll
0x00007ffcb78b0000 - 0x00007ffcb8547000 	C:\openjdk-20.0.1_windows-x64_bin\jdk-20.0.1\bin\server\jvm.dll
0x00007ffcef0d0000 - 0x00007ffcef17f000 	C:\Windows\System32\ADVAPI32.dll
0x00007ffceef60000 - 0x00007ffceeffc000 	C:\Windows\System32\sechost.dll
0x00007ffcedff0000 - 0x00007ffcee116000 	C:\Windows\System32\RPCRT4.dll
0x00007ffcd4d20000 - 0x00007ffcd4d47000 	C:\Windows\SYSTEM32\WINMM.dll
0x00007ffce6540000 - 0x00007ffce654a000 	C:\Windows\SYSTEM32\VERSION.dll
0x00007ffce8a10000 - 0x00007ffce8a19000 	C:\Windows\SYSTEM32\WSOCK32.dll
0x00007ffced740000 - 0x00007ffced7ab000 	C:\Windows\System32\WS2_32.dll
0x00007ffcea990000 - 0x00007ffcea9a2000 	C:\Windows\SYSTEM32\kernel.appcore.dll
0x00007ffce6ab0000 - 0x00007ffce6aba000 	C:\openjdk-20.0.1_windows-x64_bin\jdk-20.0.1\bin\jimage.dll
0x00007ffce58a0000 - 0x00007ffce5a84000 	C:\Windows\SYSTEM32\DBGHELP.DLL
0x00007ffce5740000 - 0x00007ffce5774000 	C:\Windows\SYSTEM32\dbgcore.DLL
0x00007ffcecbb0000 - 0x00007ffcecc32000 	C:\Windows\System32\bcryptPrimitives.dll
0x00007ffce3c80000 - 0x00007ffce3c8e000 	C:\openjdk-20.0.1_windows-x64_bin\jdk-20.0.1\bin\instrument.dll
0x00007ffce1900000 - 0x00007ffce1926000 	C:\openjdk-20.0.1_windows-x64_bin\jdk-20.0.1\bin\java.dll

dbghelp: loaded successfully - version: 4.0.5 - missing functions: none
symbol engine: initialized successfully - sym options: 0x614 - pdb path: .;C:\openjdk-20.0.1_windows-x64_bin\jdk-20.0.1\bin;C:\Windows\SYSTEM32;C:\Windows\WinSxS\amd64_microsoft.windows.common-controls_6595b64144ccf1df_6.0.19041.1110_none_60b5254171f9507e;C:\openjdk-20.0.1_windows-x64_bin\jdk-20.0.1\bin\server

VM Arguments:
jvm_args: -javaagent:C:\Program Files\JetBrains\IntelliJ IDEA Community Edition 2023.1.2\lib\idea_rt.jar=13464:C:\Program Files\JetBrains\IntelliJ IDEA Community Edition 2023.1.2\bin -Dfile.encoding=UTF-8 -Dsun.stdout.encoding=UTF-8 -Dsun.stderr.encoding=UTF-8 
java_command: ua.javarush.encoder.Main
java_class_path (initial): C:\Users\emelj\IdeaProjects\yevhen.yaemelianenko.encoder\target\classes
Launcher Type: SUN_STANDARD

[Global flags]
     intx CICompilerCount                          = 3                                         {product} {ergonomic}
     uint ConcGCThreads                            = 1                                         {product} {ergonomic}
     uint G1ConcRefinementThreads                  = 4                                         {product} {ergonomic}
   size_t G1HeapRegionSize                         = 1048576                                   {product} {ergonomic}
    uintx GCDrainStackTargetSize                   = 64                                        {product} {ergonomic}
   size_t InitialHeapSize                          = 100663296                                 {product} {ergonomic}
   size_t MarkStackSize                            = 4194304                                   {product} {ergonomic}
   size_t MaxHeapSize                              = 1610612736                                {product} {ergonomic}
   size_t MinHeapDeltaBytes                        = 1048576                                   {product} {ergonomic}
   size_t MinHeapSize                              = 8388608                                   {product} {ergonomic}
    uintx NonNMethodCodeHeapSize                   = 5832780                                {pd product} {ergonomic}
    uintx NonProfiledCodeHeapSize                  = 122912730                              {pd product} {ergonomic}
    uintx ProfiledCodeHeapSize                     = 122912730                              {pd product} {ergonomic}
    uintx ReservedCodeCacheSize                    = 251658240                              {pd product} {ergonomic}
     bool SegmentedCodeCache                       = true                                      {product} {ergonomic}
   size_t SoftMaxHeapSize                          = 1610612736                             {manageable} {ergonomic}
     bool UseCompressedClassPointers               = true                           {product lp64_product} {ergonomic}
     bool UseCompressedOops                        = true                           {product lp64_product} {ergonomic}
     bool UseG1GC                                  = true                                      {product} {ergonomic}
     bool UseLargePagesIndividualAllocation        = false                                  {pd product} {ergonomic}

Logging:
Log output configuration:
 #0: stdout all=warning uptime,level,tags foldmultilines=false
 #1: stderr all=off uptime,level,tags foldmultilines=false

Environment Variables:
PATH=C:\Program Files\Common Files\Oracle\Java\javapath;C:\Windows\system32;C:\Windows;C:\Windows\System32\Wbem;C:\Windows\System32\WindowsPowerShell\v1.0\;C:\Windows\System32\OpenSSH\;C:\Program Files\Git\cmd;C:\Users\emelj\AppData\Local\Microsoft\WindowsApps;
USERNAME=emelj
OS=Windows_NT
PROCESSOR_IDENTIFIER=AMD64 Family 16 Model 5 Stepping 3, AuthenticAMD
TMP=C:\Users\emelj\AppData\Local\Temp
TEMP=C:\Users\emelj\AppData\Local\Temp




---------------  S Y S T E M  ---------------

OS:
 Windows 10 , 64 bit Build 19041 (10.0.19041.3155)
OS uptime: 8 days 6:10 hours

CPU: total 4 (initial active 4) (4 cores per cpu, 1 threads per core) family 16 model 5 stepping 3 microcode 0x0, cx8, cmov, fxsr, mmx, 3dnowpref, sse, sse2, sse3, sse4a, popcnt, lzcnt, tsc, tscinvbit, clflush, rdtscp

Memory: 4k page, system-wide physical 6142M (960M free)
TotalPageFile size 18571M (AvailPageFile size 94M)
current process WorkingSet (physical memory assigned to process): 10M, peak: 10M
current process commit charge ("private bytes"): 51M, peak: 147M

vm_info: OpenJDK 64-Bit Server VM (20.0.1+9-29) for windows-amd64 JRE (20.0.1+9-29), built on 2023-03-07T13:56:11Z by "mach5one" with MS VC++ 17.1 (VS2022)

END.
